<?xml version="1.0" encoding="UTF-8"?>
<!-- Generated by org.testng.reporters.JUnitXMLReporter -->
<testsuite ignored="4" hostname="SS" failures="0" tests="3" name="Test" time="1.248" errors="0" timestamp="2023-08-26T20:51:34 IST">
  <testcase classname="com.testcases.Login_Test" name="to_Validate_Login" time="0.031"/>
  <testcase classname="com.testcases.Homepage_Test" name="to_Validate_Homepage" time="0.603"/>
  <testcase classname="com.testcases.Logout_Test" name="to_Validate_LogoutPage" time="0.579"/>
  <testcase classname="Config.Base" name="@BeforeSuite launchbrowser" time="0.0">
    <ignored/>
  </testcase> <!-- @BeforeSuite launchbrowser -->
  <testcase classname="Config.Base" name="@BeforeSuite launchbrowser" time="0.0">
    <ignored/>
  </testcase> <!-- @BeforeSuite launchbrowser -->
  <testcase classname="Config.Base" name="@AfterSuite teardown" time="0.0">
    <ignored/>
  </testcase> <!-- @AfterSuite teardown -->
  <testcase classname="Config.Base" name="@AfterSuite teardown" time="0.0">
    <ignored/>
  </testcase> <!-- @AfterSuite teardown -->
</testsuite> <!-- Test -->
