<?xml version="1.0" encoding="UTF-8"?>
<!-- Generated by org.testng.reporters.JUnitXMLReporter -->
<testsuite ignored="6" hostname="SS" failures="0" tests="11" name="Test" time="9.479" errors="0" timestamp="2024-07-03T09:48:57 IST">
  <testcase classname="com.testcases.Admin_Interface" name="to_Validate_Admin_Interface" time="0.546"/>
  <testcase classname="com.testcases.Admin_Interface" name="to_Validate_Admin_Interface_SalesDetails" time="0.498"/>
  <testcase classname="com.testcases.Admin_Interface" name="to_Validate_Admin_Interface_UserDetails" time="0.358"/>
  <testcase classname="com.testcases.Dashboard" name="to_Validate_Dashboard" time="0.348"/>
  <testcase classname="com.testcases.Dashboard" name="to_Validate_Dashboard_UserCount" time="0.611"/>
  <testcase classname="com.testcases.Reports" name="to_Validate_Reports" time="1.074"/>
  <testcase classname="com.testcases.Reports" name="to_Validate_User_Reports" time="1.193"/>
  <testcase classname="com.testcases.Reports" name="to_Validate_Sales_Reports" time="1.113"/>
  <testcase classname="com.testcases.User_Interface" name="to_Validate_User_Interface" time="1.237"/>
  <testcase classname="com.testcases.User_Interface" name="to_Validate_Login" time="1.126"/>
  <testcase classname="com.testcases.User_Interface" name="to_Validate_Logout" time="1.33"/>
  <testcase classname="Config.Base" name="@BeforeSuite launchbrowser" time="0.0">
    <ignored/>
  </testcase> <!-- @BeforeSuite launchbrowser -->
  <testcase classname="Config.Base" name="@BeforeSuite launchbrowser" time="0.0">
    <ignored/>
  </testcase> <!-- @BeforeSuite launchbrowser -->
  <testcase classname="Config.Base" name="@BeforeSuite launchbrowser" time="0.0">
    <ignored/>
  </testcase> <!-- @BeforeSuite launchbrowser -->
  <testcase classname="Config.Base" name="@AfterSuite teardown" time="0.0">
    <ignored/>
  </testcase> <!-- @AfterSuite teardown -->
  <testcase classname="Config.Base" name="@AfterSuite teardown" time="0.0">
    <ignored/>
  </testcase> <!-- @AfterSuite teardown -->
  <testcase classname="Config.Base" name="@AfterSuite teardown" time="0.0">
    <ignored/>
  </testcase> <!-- @AfterSuite teardown -->
</testsuite> <!-- Test -->
