<?xml version="1.0" encoding="UTF-8"?>
<!-- Generated by org.testng.reporters.JUnitXMLReporter -->
<testsuite ignored="6" hostname="SS" failures="0" tests="11" name="Test" time="14.718" errors="0" timestamp="2024-07-03T10:14:46 IST">
  <testcase classname="com.testcases.Admin_Interface" name="to_Validate_Admin_Interface" time="1.938"/>
  <testcase classname="com.testcases.Admin_Interface" name="to_Validate_Admin_Interface_SalesDetails" time="1.258"/>
  <testcase classname="com.testcases.Admin_Interface" name="to_Validate_Admin_Interface_UserDetails" time="1.692"/>
  <testcase classname="com.testcases.Dashboard" name="to_Validate_Dashboard" time="1.183"/>
  <testcase classname="com.testcases.Dashboard" name="to_Validate_Dashboard_UserCount" time="1.546"/>
  <testcase classname="com.testcases.Reports" name="to_Validate_Reports" time="0.502"/>
  <testcase classname="com.testcases.Reports" name="to_Validate_User_Reports" time="1.769"/>
  <testcase classname="com.testcases.Reports" name="to_Validate_Sales_Reports" time="1.304"/>
  <testcase classname="com.testcases.User_Interface" name="to_Validate_User_Interface" time="1.035"/>
  <testcase classname="com.testcases.User_Interface" name="to_Validate_Login" time="1.062"/>
  <testcase classname="com.testcases.User_Interface" name="to_Validate_Logout" time="1.381"/>
  <testcase classname="Config.Base" name="@AfterSuite teardown" time="0.0">
    <ignored/>
  </testcase> <!-- @AfterSuite teardown -->
  <testcase classname="Config.Base" name="@BeforeSuite launchbrowser" time="0.0">
    <ignored/>
  </testcase> <!-- @BeforeSuite launchbrowser -->
  <testcase classname="Config.Base" name="@BeforeSuite launchbrowser" time="0.0">
    <ignored/>
  </testcase> <!-- @BeforeSuite launchbrowser -->
  <testcase classname="Config.Base" name="@AfterSuite teardown" time="0.0">
    <ignored/>
  </testcase> <!-- @AfterSuite teardown -->
  <testcase classname="Config.Base" name="@AfterSuite teardown" time="0.0">
    <ignored/>
  </testcase> <!-- @AfterSuite teardown -->
  <testcase classname="Config.Base" name="@BeforeSuite launchbrowser" time="0.0">
    <ignored/>
  </testcase> <!-- @BeforeSuite launchbrowser -->
</testsuite> <!-- Test -->
