<?xml version="1.0" encoding="UTF-8"?>
<testng-results ignored="6" total="17" passed="11" failed="0" skipped="0">
  <reporter-output>
  </reporter-output>
  <suite started-at="2024-07-03T09:48:47 IST" name="Suite" finished-at="2024-07-03T09:48:57 IST" duration-ms="9479">
    <groups>
    </groups>
    <test started-at="2024-07-03T09:48:47 IST" name="Test" finished-at="2024-07-03T09:48:57 IST" duration-ms="9479">
      <class name="com.testcases.Dashboard">
        <test-method is-config="true" signature="getdrivers()[pri:0, instance:com.testcases.Dashboard@47d9a273]" started-at="2024-07-03T09:48:49 IST" name="getdrivers" finished-at="2024-07-03T09:48:49 IST" duration-ms="0" status="PASS">
          <reporter-output>
          </reporter-output>
        </test-method> <!-- getdrivers -->
        <test-method signature="to_Validate_Dashboard()[pri:0, instance:com.testcases.Dashboard@47d9a273]" started-at="2024-07-03T09:48:49 IST" name="to_Validate_Dashboard" finished-at="2024-07-03T09:48:49 IST" duration-ms="348" status="PASS">
          <reporter-output>
          </reporter-output>
        </test-method> <!-- to_Validate_Dashboard -->
        <test-method is-config="true" signature="getdrivers()[pri:0, instance:com.testcases.Dashboard@47d9a273]" started-at="2024-07-03T09:48:49 IST" name="getdrivers" finished-at="2024-07-03T09:48:49 IST" duration-ms="0" status="PASS">
          <reporter-output>
          </reporter-output>
        </test-method> <!-- getdrivers -->
        <test-method signature="to_Validate_Dashboard_UserCount()[pri:0, instance:com.testcases.Dashboard@47d9a273]" started-at="2024-07-03T09:48:49 IST" name="to_Validate_Dashboard_UserCount" finished-at="2024-07-03T09:48:50 IST" duration-ms="611" status="PASS">
          <reporter-output>
          </reporter-output>
        </test-method> <!-- to_Validate_Dashboard_UserCount -->
      </class> <!-- com.testcases.Dashboard -->
      <class name="com.testcases.Reports">
        <test-method is-config="true" signature="getdrivers()[pri:0, instance:com.testcases.Reports@1b11171f]" started-at="2024-07-03T09:48:50 IST" name="getdrivers" finished-at="2024-07-03T09:48:50 IST" duration-ms="0" status="PASS">
          <reporter-output>
          </reporter-output>
        </test-method> <!-- getdrivers -->
        <test-method signature="to_Validate_Reports()[pri:0, instance:com.testcases.Reports@1b11171f]" started-at="2024-07-03T09:48:50 IST" name="to_Validate_Reports" finished-at="2024-07-03T09:48:51 IST" duration-ms="1074" status="PASS">
          <reporter-output>
          </reporter-output>
        </test-method> <!-- to_Validate_Reports -->
        <test-method is-config="true" signature="getdrivers()[pri:0, instance:com.testcases.Reports@1b11171f]" started-at="2024-07-03T09:48:51 IST" name="getdrivers" finished-at="2024-07-03T09:48:51 IST" duration-ms="0" status="PASS">
          <reporter-output>
          </reporter-output>
        </test-method> <!-- getdrivers -->
        <test-method signature="to_Validate_User_Reports()[pri:1, instance:com.testcases.Reports@1b11171f]" started-at="2024-07-03T09:48:51 IST" name="to_Validate_User_Reports" finished-at="2024-07-03T09:48:52 IST" duration-ms="1193" status="PASS">
          <reporter-output>
          </reporter-output>
        </test-method> <!-- to_Validate_User_Reports -->
        <test-method signature="to_Validate_Sales_Reports()[pri:2, instance:com.testcases.Reports@1b11171f]" started-at="2024-07-03T09:48:52 IST" name="to_Validate_Sales_Reports" finished-at="2024-07-03T09:48:53 IST" duration-ms="1113" status="PASS">
          <reporter-output>
          </reporter-output>
        </test-method> <!-- to_Validate_Sales_Reports -->
        <test-method is-config="true" signature="getdrivers()[pri:0, instance:com.testcases.Reports@1b11171f]" started-at="2024-07-03T09:48:52 IST" name="getdrivers" finished-at="2024-07-03T09:48:52 IST" duration-ms="0" status="PASS">
          <reporter-output>
          </reporter-output>
        </test-method> <!-- getdrivers -->
      </class> <!-- com.testcases.Reports -->
      <class name="com.testcases.Admin_Interface">
        <test-method is-config="true" signature="launchbrowser()[pri:0, instance:com.testcases.Admin_Interface@82de64a]" started-at="2024-07-03T09:48:38 IST" name="launchbrowser" finished-at="2024-07-03T09:48:47 IST" duration-ms="9415" status="PASS">
          <reporter-output>
          </reporter-output>
        </test-method> <!-- launchbrowser -->
        <test-method is-config="true" signature="getdrivers()[pri:0, instance:com.testcases.Admin_Interface@82de64a]" started-at="2024-07-03T09:48:47 IST" name="getdrivers" finished-at="2024-07-03T09:48:47 IST" duration-ms="0" status="PASS">
          <reporter-output>
          </reporter-output>
        </test-method> <!-- getdrivers -->
        <test-method signature="to_Validate_Admin_Interface()[pri:0, instance:com.testcases.Admin_Interface@82de64a]" started-at="2024-07-03T09:48:47 IST" name="to_Validate_Admin_Interface" finished-at="2024-07-03T09:48:48 IST" duration-ms="546" status="PASS">
          <reporter-output>
          </reporter-output>
        </test-method> <!-- to_Validate_Admin_Interface -->
        <test-method is-config="true" signature="getdrivers()[pri:0, instance:com.testcases.Admin_Interface@82de64a]" started-at="2024-07-03T09:48:48 IST" name="getdrivers" finished-at="2024-07-03T09:48:48 IST" duration-ms="1" status="PASS">
          <reporter-output>
          </reporter-output>
        </test-method> <!-- getdrivers -->
        <test-method signature="to_Validate_Admin_Interface_SalesDetails()[pri:0, instance:com.testcases.Admin_Interface@82de64a]" started-at="2024-07-03T09:48:48 IST" name="to_Validate_Admin_Interface_SalesDetails" finished-at="2024-07-03T09:48:48 IST" duration-ms="498" status="PASS">
          <reporter-output>
          </reporter-output>
        </test-method> <!-- to_Validate_Admin_Interface_SalesDetails -->
        <test-method is-config="true" signature="getdrivers()[pri:0, instance:com.testcases.Admin_Interface@82de64a]" started-at="2024-07-03T09:48:48 IST" name="getdrivers" finished-at="2024-07-03T09:48:48 IST" duration-ms="0" status="PASS">
          <reporter-output>
          </reporter-output>
        </test-method> <!-- getdrivers -->
        <test-method signature="to_Validate_Admin_Interface_UserDetails()[pri:0, instance:com.testcases.Admin_Interface@82de64a]" started-at="2024-07-03T09:48:48 IST" name="to_Validate_Admin_Interface_UserDetails" finished-at="2024-07-03T09:48:49 IST" duration-ms="358" status="PASS">
          <reporter-output>
          </reporter-output>
        </test-method> <!-- to_Validate_Admin_Interface_UserDetails -->
        <test-method is-config="true" signature="teardown()[pri:0, instance:com.testcases.Admin_Interface@82de64a]" started-at="2024-07-03T09:48:57 IST" name="teardown" finished-at="2024-07-03T09:48:57 IST" duration-ms="387" status="FAIL">
          <exception class="org.openqa.selenium.WebDriverException">
            <message>
              <![CDATA[Timed out waiting for driver server to stop.
Build info: version: '4.11.0', revision: '040bc5406b'
System info: os.name: 'Windows 11', os.arch: 'amd64', os.version: '10.0', java.version: '17.0.5'
Driver info: org.openqa.selenium.chrome.ChromeDriver
Command: [c234fdbf6843bd02221ad409598cc81f, quit {}]
Capabilities {acceptInsecureCerts: false, browserName: chrome, browserVersion: 126.0.6478.127, chrome: {chromedriverVersion: 126.0.6478.126 (d36ace6122e..., userDataDir: C:\Users\sathe\AppData\Loca...}, fedcm:accounts: true, goog:chromeOptions: {debuggerAddress: localhost:50942}, networkConnectionEnabled: false, pageLoadStrategy: normal, platformName: windows, proxy: Proxy(), se:cdp: ws://localhost:50942/devtoo..., se:cdpVersion: 126.0.6478.127, setWindowRect: true, strictFileInteractability: false, timeouts: {implicit: 0, pageLoad: 300000, script: 30000}, unhandledPromptBehavior: dismiss and notify, webauthn:extension:credBlob: true, webauthn:extension:largeBlob: true, webauthn:extension:minPinLength: true, webauthn:extension:prf: true, webauthn:virtualAuthenticators: true}
Session ID: c234fdbf6843bd02221ad409598cc81f]]>
            </message>
            <full-stacktrace>
              <![CDATA[org.openqa.selenium.WebDriverException: Timed out waiting for driver server to stop.
Build info: version: '4.11.0', revision: '040bc5406b'
System info: os.name: 'Windows 11', os.arch: 'amd64', os.version: '10.0', java.version: '17.0.5'
Driver info: org.openqa.selenium.chrome.ChromeDriver
Command: [c234fdbf6843bd02221ad409598cc81f, quit {}]
Capabilities {acceptInsecureCerts: false, browserName: chrome, browserVersion: 126.0.6478.127, chrome: {chromedriverVersion: 126.0.6478.126 (d36ace6122e..., userDataDir: C:\Users\sathe\AppData\Loca...}, fedcm:accounts: true, goog:chromeOptions: {debuggerAddress: localhost:50942}, networkConnectionEnabled: false, pageLoadStrategy: normal, platformName: windows, proxy: Proxy(), se:cdp: ws://localhost:50942/devtoo..., se:cdpVersion: 126.0.6478.127, setWindowRect: true, strictFileInteractability: false, timeouts: {implicit: 0, pageLoad: 300000, script: 30000}, unhandledPromptBehavior: dismiss and notify, webauthn:extension:credBlob: true, webauthn:extension:largeBlob: true, webauthn:extension:minPinLength: true, webauthn:extension:prf: true, webauthn:virtualAuthenticators: true}
Session ID: c234fdbf6843bd02221ad409598cc81f
at org.openqa.selenium.remote.service.DriverCommandExecutor.execute(DriverCommandExecutor.java:161)
at org.openqa.selenium.remote.RemoteWebDriver.execute(RemoteWebDriver.java:518)
at org.openqa.selenium.remote.RemoteWebDriver.execute(RemoteWebDriver.java:591)
at org.openqa.selenium.remote.RemoteWebDriver.execute(RemoteWebDriver.java:595)
at org.openqa.selenium.remote.RemoteWebDriver.quit(RemoteWebDriver.java:433)
at org.openqa.selenium.chromium.ChromiumDriver.quit(ChromiumDriver.java:351)
at Config.Base.teardown(Base.java:65)
at java.base/jdk.internal.reflect.NativeMethodAccessorImpl.invoke0(Native Method)
at java.base/jdk.internal.reflect.NativeMethodAccessorImpl.invoke(NativeMethodAccessorImpl.java:77)
at java.base/jdk.internal.reflect.DelegatingMethodAccessorImpl.invoke(DelegatingMethodAccessorImpl.java:43)
at java.base/java.lang.reflect.Method.invoke(Method.java:568)
at org.testng.internal.MethodInvocationHelper.invokeMethod(MethodInvocationHelper.java:133)
at org.testng.internal.MethodInvocationHelper.invokeMethodConsideringTimeout(MethodInvocationHelper.java:62)
at org.testng.internal.ConfigInvoker.invokeConfigurationMethod(ConfigInvoker.java:385)
at org.testng.internal.ConfigInvoker.invokeConfigurations(ConfigInvoker.java:321)
at org.testng.SuiteRunner.privateRun(SuiteRunner.java:344)
at org.testng.SuiteRunner.run(SuiteRunner.java:276)
at org.testng.SuiteRunnerWorker.runSuite(SuiteRunnerWorker.java:53)
at org.testng.SuiteRunnerWorker.run(SuiteRunnerWorker.java:96)
at org.testng.TestNG.runSuitesSequentially(TestNG.java:1212)
at org.testng.TestNG.runSuitesLocally(TestNG.java:1134)
at org.testng.TestNG.runSuites(TestNG.java:1063)
at org.testng.TestNG.run(TestNG.java:1031)
at org.testng.remote.AbstractRemoteTestNG.run(AbstractRemoteTestNG.java:115)
at org.testng.remote.RemoteTestNG.initAndRun(RemoteTestNG.java:251)
at org.testng.remote.RemoteTestNG.main(RemoteTestNG.java:77)
Caused by: java.util.concurrent.ExecutionException: java.io.UncheckedIOException: java.net.SocketException: Connection reset
at java.base/java.util.concurrent.CompletableFuture.reportGet(CompletableFuture.java:396)
at java.base/java.util.concurrent.CompletableFuture.get(CompletableFuture.java:2096)
at org.openqa.selenium.remote.service.DriverCommandExecutor.execute(DriverCommandExecutor.java:157)
... 25 more
Caused by: java.io.UncheckedIOException: java.net.SocketException: Connection reset
at org.openqa.selenium.remote.http.netty.NettyHttpHandler.makeCall(NettyHttpHandler.java:73)
at org.openqa.selenium.remote.http.AddSeleniumUserAgent.lambda$apply$0(AddSeleniumUserAgent.java:42)
at org.openqa.selenium.remote.http.Filter.lambda$andFinally$1(Filter.java:55)
at org.openqa.selenium.remote.http.netty.NettyHttpHandler.execute(NettyHttpHandler.java:48)
at org.openqa.selenium.remote.http.netty.NettyClient.execute(NettyClient.java:96)
at org.openqa.selenium.remote.HttpCommandExecutor.execute(HttpCommandExecutor.java:188)
at org.openqa.selenium.remote.service.DriverCommandExecutor.invokeExecute(DriverCommandExecutor.java:196)
at org.openqa.selenium.remote.service.DriverCommandExecutor.lambda$execute$1(DriverCommandExecutor.java:128)
at java.base/java.util.concurrent.CompletableFuture$AsyncSupply.run(CompletableFuture.java:1768)
at java.base/java.util.concurrent.ThreadPoolExecutor.runWorker(ThreadPoolExecutor.java:1136)
at java.base/java.util.concurrent.ThreadPoolExecutor$Worker.run(ThreadPoolExecutor.java:635)
at java.base/java.lang.Thread.run(Thread.java:833)
Caused by: java.net.SocketException: Connection reset
at java.base/sun.nio.ch.SocketChannelImpl.throwConnectionReset(SocketChannelImpl.java:394)
at java.base/sun.nio.ch.SocketChannelImpl.read(SocketChannelImpl.java:426)
at io.netty.buffer.PooledByteBuf.setBytes(PooledByteBuf.java:256)
at io.netty.buffer.AbstractByteBuf.writeBytes(AbstractByteBuf.java:1132)
at io.netty.channel.socket.nio.NioSocketChannel.doReadBytes(NioSocketChannel.java:357)
at io.netty.channel.nio.AbstractNioByteChannel$NioByteUnsafe.read(AbstractNioByteChannel.java:151)
at io.netty.channel.nio.NioEventLoop.processSelectedKey(NioEventLoop.java:788)
at io.netty.channel.nio.NioEventLoop.processSelectedKeysOptimized(NioEventLoop.java:724)
at io.netty.channel.nio.NioEventLoop.processSelectedKeys(NioEventLoop.java:650)
at io.netty.channel.nio.NioEventLoop.run(NioEventLoop.java:562)
at io.netty.util.concurrent.SingleThreadEventExecutor$4.run(SingleThreadEventExecutor.java:997)
at io.netty.util.internal.ThreadExecutorMap$2.run(ThreadExecutorMap.java:74)
at io.netty.util.concurrent.FastThreadLocalRunnable.run(FastThreadLocalRunnable.java:30)
... 1 more
]]>
            </full-stacktrace>
          </exception> <!-- org.openqa.selenium.WebDriverException -->
          <reporter-output>
          </reporter-output>
        </test-method> <!-- teardown -->
      </class> <!-- com.testcases.Admin_Interface -->
      <class name="com.testcases.User_Interface">
        <test-method signature="to_Validate_User_Interface()[pri:0, instance:com.testcases.User_Interface@1151e434]" started-at="2024-07-03T09:48:53 IST" name="to_Validate_User_Interface" finished-at="2024-07-03T09:48:54 IST" duration-ms="1237" status="PASS">
          <reporter-output>
          </reporter-output>
        </test-method> <!-- to_Validate_User_Interface -->
        <test-method is-config="true" signature="getdrivers()[pri:0, instance:com.testcases.User_Interface@1151e434]" started-at="2024-07-03T09:48:53 IST" name="getdrivers" finished-at="2024-07-03T09:48:53 IST" duration-ms="0" status="PASS">
          <reporter-output>
          </reporter-output>
        </test-method> <!-- getdrivers -->
        <test-method signature="to_Validate_Login()[pri:1, instance:com.testcases.User_Interface@1151e434]" started-at="2024-07-03T09:48:54 IST" name="to_Validate_Login" finished-at="2024-07-03T09:48:56 IST" duration-ms="1126" status="PASS">
          <reporter-output>
          </reporter-output>
        </test-method> <!-- to_Validate_Login -->
        <test-method is-config="true" signature="getdrivers()[pri:0, instance:com.testcases.User_Interface@1151e434]" started-at="2024-07-03T09:48:54 IST" name="getdrivers" finished-at="2024-07-03T09:48:54 IST" duration-ms="0" status="PASS">
          <reporter-output>
          </reporter-output>
        </test-method> <!-- getdrivers -->
        <test-method signature="to_Validate_Logout()[pri:2, instance:com.testcases.User_Interface@1151e434]" started-at="2024-07-03T09:48:56 IST" name="to_Validate_Logout" finished-at="2024-07-03T09:48:57 IST" duration-ms="1330" status="PASS">
          <reporter-output>
          </reporter-output>
        </test-method> <!-- to_Validate_Logout -->
        <test-method is-config="true" signature="getdrivers()[pri:0, instance:com.testcases.User_Interface@1151e434]" started-at="2024-07-03T09:48:56 IST" name="getdrivers" finished-at="2024-07-03T09:48:56 IST" duration-ms="0" status="PASS">
          <reporter-output>
          </reporter-output>
        </test-method> <!-- getdrivers -->
      </class> <!-- com.testcases.User_Interface -->
    </test> <!-- Test -->
  </suite> <!-- Suite -->
</testng-results>
